Solid Edge translation to FBX
Date: Thursday,August 10,2023 02:44PM
Output File: D:\hall_sensor_array\3d_models\Case.fbx
Author: Unknown
Organization: Unknown
Source System: SOLID EDGE

Hardware:
Processor: Intel(R) Xeon(R) CPU E5-2678 v3 @ 2.50GHz
Operating System: Windows 10 Professional
Installed Memory: 10.99 GB

Software Information:
Parasolid Version: 35.0.149
PSBodyshop Version: 35.0.82
FBX Adapter Version: 11.0.82
Solid Edge Version: 223.00.00.101 x64

FBX Export Options:
Export Construction Solids:Off
Export Displayed Parts:Off
Export Construction Sheets:Off
Enable Logging:On
Export Textures:Off
Export Flatten Assembly:On
Export Construction Solids and Sheets if design bodies not present:Off
Export Units:Centimeters
Export Tolerance Value:1.250000
Export Tolerance Type:Custom
Export Surface Plane Angle Value:0.523599

Translation progress:
Translation process completed
Time required to translate:00 : 00 : 00
